# JRE version: OpenJDK Runtime Environment Homebrew (11.0.25) (build 11.0.25+0)
# Java VM: OpenJDK 64-Bit Server VM Homebrew (11.0.25+0, mixed mode, tiered, compressed oops, g1 gc, bsd-aarch64)
Heap:
 garbage-first heap   total 262144K, used 82944K [0x0000000780000000, 0x00000007c0000000)
  region size 1024K, 25 young (25600K), 11 survivors (11264K)
 Metaspace       used 14567K, capacity 14874K, committed 14976K, reserved 1062912K
  class space    used 1502K, capacity 1649K, committed 1664K, reserved 1048576K
GC Heap History (12 events):
Event: 0.213 GC heap before
{Heap before GC invocations=0 (full 0):
 garbage-first heap   total 262144K, used 32768K [0x0000000780000000, 0x00000007c0000000)
  region size 1024K, 24 young (24576K), 0 survivors (0K)
 Metaspace       used 10120K, capacity 10237K, committed 10496K, reserved 1058816K
  class space    used 941K, capacity 990K, committed 1024K, reserved 1048576K
}
Event: 0.217 GC heap after
{Heap after GC invocations=1 (full 0):
 garbage-first heap   total 262144K, used 8857K [0x0000000780000000, 0x00000007c0000000)
  region size 1024K, 3 young (3072K), 3 survivors (3072K)
 Metaspace       used 10120K, capacity 10237K, committed 10496K, reserved 1058816K
  class space    used 941K, capacity 990K, committed 1024K, reserved 1048576K
}
Event: 0.325 GC heap before
{Heap before GC invocations=1 (full 0):
 garbage-first heap   total 262144K, used 30361K [0x0000000780000000, 0x00000007c0000000)
  region size 1024K, 18 young (18432K), 3 survivors (3072K)
 Metaspace       used 12078K, capacity 12276K, committed 12288K, reserved 1060864K
  class space    used 1189K, capacity 1271K, committed 1280K, reserved 1048576K
}
Event: 0.334 GC heap after
{Heap after GC invocations=2 (full 0):
 garbage-first heap   total 262144K, used 16826K [0x0000000780000000, 0x00000007c0000000)
  region size 1024K, 3 young (3072K), 3 survivors (3072K)
 Metaspace       used 12078K, capacity 12276K, committed 12288K, reserved 1060864K
  class space    used 1189K, capacity 1271K, committed 1280K, reserved 1048576K
}
Event: 0.417 GC heap before
{Heap before GC invocations=2 (full 0):
 garbage-first heap   total 262144K, used 40378K [0x0000000780000000, 0x00000007c0000000)
  region size 1024K, 25 young (25600K), 3 survivors (3072K)
 Metaspace       used 12838K, capacity 13116K, committed 13184K, reserved 1060864K
  class space    used 1281K, capacity 1384K, committed 1408K, reserved 1048576K
}
Event: 0.419 GC heap after
{Heap after GC invocations=3 (full 0):
 garbage-first heap   total 262144K, used 21236K [0x0000000780000000, 0x00000007c0000000)
  region size 1024K, 4 young (4096K), 4 survivors (4096K)
 Metaspace       used 12838K, capacity 13116K, committed 13184K, reserved 1060864K
  class space    used 1281K, capacity 1384K, committed 1408K, reserved 1048576K
}
Event: 0.484 GC heap before
{Heap before GC invocations=3 (full 0):
 garbage-first heap   total 262144K, used 71412K [0x0000000780000000, 0x00000007c0000000)
  region size 1024K, 53 young (54272K), 4 survivors (4096K)
 Metaspace       used 12842K, capacity 13116K, committed 13184K, reserved 1060864K
  class space    used 1281K, capacity 1384K, committed 1408K, reserved 1048576K
}
Event: 0.486 GC heap after
{Heap after GC invocations=4 (full 0):
 garbage-first heap   total 262144K, used 33388K [0x0000000780000000, 0x00000007c0000000)
  region size 1024K, 7 young (7168K), 7 survivors (7168K)
 Metaspace       used 12842K, capacity 13116K, committed 13184K, reserved 1060864K
  class space    used 1281K, capacity 1384K, committed 1408K, reserved 1048576K
}
Event: 0.556 GC heap before
{Heap before GC invocations=4 (full 0):
 garbage-first heap   total 262144K, used 93804K [0x0000000780000000, 0x00000007c0000000)
  region size 1024K, 66 young (67584K), 7 survivors (7168K)
 Metaspace       used 12847K, capacity 13116K, committed 13184K, reserved 1060864K
  class space    used 1281K, capacity 1384K, committed 1408K, reserved 1048576K
}
Event: 0.559 GC heap after
{Heap after GC invocations=5 (full 0):
 garbage-first heap   total 262144K, used 48970K [0x0000000780000000, 0x00000007c0000000)
  region size 1024K, 9 young (9216K), 9 survivors (9216K)
 Metaspace       used 12847K, capacity 13116K, committed 13184K, reserved 1060864K
  class space    used 1281K, capacity 1384K, committed 1408K, reserved 1048576K
}
Event: 0.720 GC heap before
{Heap before GC invocations=5 (full 0):
 garbage-first heap   total 262144K, used 124746K [0x0000000780000000, 0x00000007c0000000)
  region size 1024K, 83 young (84992K), 9 survivors (9216K)
 Metaspace       used 14488K, capacity 14794K, committed 14976K, reserved 1062912K
  class space    used 1496K, capacity 1645K, committed 1664K, reserved 1048576K
}
Event: 0.726 GC heap after
{Heap after GC invocations=6 (full 0):
 garbage-first heap   total 262144K, used 69632K [0x0000000780000000, 0x00000007c0000000)
  region size 1024K, 11 young (11264K), 11 survivors (11264K)
 Metaspace       used 14488K, capacity 14794K, committed 14976K, reserved 1062912K
  class space    used 1496K, capacity 1645K, committed 1664K, reserved 1048576K
}

